2025-11-25 19:44:45,520 | INFO | ======================================================================
2025-11-25 19:44:45,522 | INFO | ======================================================================
2025-11-25 19:44:45,522 | INFO | Dados: C:\Users\anaca\OneDrive\Área de Trabalho\projetosenai2\fabrica-projetosenai\app\data\silver\telemetria_silver.csv
2025-11-25 19:44:45,523 | INFO | Modelo: C:\Users\anaca\OneDrive\Área de Trabalho\projetosenai2\fabrica-projetosenai\app\models\rf_defeito.joblib
2025-11-25 19:44:45,523 | INFO | Relatório: C:\Users\anaca\OneDrive\Área de Trabalho\projetosenai2\fabrica-projetosenai\reports\training_report_20251125_194445.json
2025-11-25 19:44:46,018 | INFO |    OK (0):      519,580 (86.1%)
2025-11-25 19:44:46,018 | INFO |    Defeito (1): 83,900 (13.9%)
2025-11-25 19:44:46,532 | INFO |    Treino: 482,784 registros (2025-10-25 10:21:43.025417 a 2025-11-18 10:13:43.025417)
2025-11-25 19:44:46,533 | INFO |    Teste:  120,696 registros (2025-11-18 10:13:50.025417 a 2025-11-24 10:21:38.025417)
2025-11-25 19:45:56,684 | INFO |    F1-Score por fold: ['0.961', '0.961', '0.960', '0.959', '0.959']
2025-11-25 19:45:56,685 | INFO |    F1-Score médio: 0.960 (±0.001)
2025-11-25 19:45:57,520 | INFO |    Acurácia Treino:  0.9890
2025-11-25 19:45:57,520 | INFO |    Acurácia Teste:   0.9884
2025-11-25 19:45:57,520 | INFO |    Precision:        0.9369
2025-11-25 19:45:57,520 | INFO |    Recall:           0.9829
2025-11-25 19:45:57,520 | INFO |    F1-Score:         0.9593
2025-11-25 19:45:57,521 | INFO |    ROC-AUC:          0.9995
2025-11-25 19:45:57,534 | INFO |                 Predito
2025-11-25 19:45:57,535 | INFO |               OK  Defeito
2025-11-25 19:45:57,535 | INFO |    Real OK    102729  1115
2025-11-25 19:45:57,535 | INFO |    Defeito     289  16563
2025-11-25 19:45:57,536 | INFO |    Sensibilidade (Recall): 0.9829
2025-11-25 19:45:57,537 | INFO |    Especificidade:         0.9893
2025-11-25 19:45:57,537 | INFO |    VPP (Precision):        0.9369
2025-11-25 19:45:57,537 | INFO |    VPN:                    0.9972
2025-11-25 19:45:57,566 | INFO |    ciclo_tempo_s         0.0005
2025-11-25 19:45:59,072 | INFO |    Tamanho: 4981.1 KB
2025-11-25 19:45:59,141 | INFO | 
   Normal (Parâmetros Ideais)
2025-11-25 19:45:59,142 | INFO |       Pressão=15.0 Umidade=12.0 Temp=60.0
2025-11-25 19:45:59,173 | INFO | 
   Alto Risco (Pressão Baixa + Temp Alta)
2025-11-25 19:45:59,174 | INFO |       Pressão=11.0 Umidade=15.0 Temp=68.0
2025-11-25 19:45:59,205 | INFO | 
   Ótimo (Todos os Parâmetros OK)
2025-11-25 19:45:59,206 | INFO |       Pressão=16.0 Umidade=10.0 Temp=55.0
2025-11-25 19:45:59,208 | INFO | 
======================================================================
2025-11-25 19:45:59,209 | INFO | ======================================================================
2025-11-25 19:45:59,210 | INFO |    1. Modelo treinado: C:\Users\anaca\OneDrive\Área de Trabalho\projetosenai2\fabrica-projetosenai\app\models\rf_defeito.joblib
2025-11-25 19:45:59,210 | INFO |    2. Relatório JSON: C:\Users\anaca\OneDrive\Área de Trabalho\projetosenai2\fabrica-projetosenai\reports\training_report_20251125_194445.json
2025-11-25 19:45:59,211 | INFO |    3. Visualizações: C:\Users\anaca\OneDrive\Área de Trabalho\projetosenai2\fabrica-projetosenai\reports\model_analysis_20251125_194558.png
2025-11-25 19:45:59,211 | INFO |    4. Log completo: training.log
2025-11-25 19:45:59,212 | INFO |    1. streamlit run app/app.py
2025-11-25 19:45:59,212 | INFO |    2. Navegue até 'Simulador de Qualidade'
2025-11-25 19:45:59,213 | INFO |    3. Teste diferentes combinações de parâmetros
2025-11-25 19:45:59,213 | INFO | ======================================================================
